This file contains any messages produced by compilers while
running configure, to aid debugging if configure makes a mistake.

It was created by test_pthread_cancel configure 1.0, which was
generated by GNU Autoconf 2.68.  Invocation command line was

  $ ./configure 

## --------- ##
## Platform. ##
## --------- ##

hostname = andre-VirtualBox
uname -m = i686
uname -r = 3.0.0-24-generic
uname -s = Linux
uname -v = #40-Ubuntu SMP Tue Jul 24 15:36:59 UTC 2012

/usr/bin/uname -p = unknown
/bin/uname -X     = unknown

/bin/arch              = unknown
/usr/bin/arch -k       = unknown
/usr/convex/getsysinfo = unknown
/usr/bin/hostinfo      = unknown
/bin/machine           = unknown
/usr/bin/oslevel       = unknown
/bin/universe          = unknown

PATH: /usr/local/bin
PATH: /usr/bin
PATH: /usr/lib/lightdm/lightdm
PATH: /usr/local/sbin
PATH: /usr/local/bin
PATH: /usr/sbin
PATH: /usr/bin
PATH: /sbin
PATH: /bin
PATH: /usr/games
PATH: /home/andre/.rvm/bin
PATH: /usr/local/bin
PATH: /usr/bin
PATH: /home/andre/.rvm/bin


## ----------- ##
## Core tests. ##
## ----------- ##

configure:2087: checking for a BSD-compatible install
configure:2155: result: /usr/bin/install -c
configure:2166: checking whether build environment is sane
configure:2216: result: yes
configure:2357: checking for a thread-safe mkdir -p
configure:2396: result: /bin/mkdir -p
configure:2409: checking for gawk
configure:2439: result: no
configure:2409: checking for mawk
configure:2425: found /usr/bin/mawk
configure:2436: result: mawk
configure:2447: checking whether make sets $(MAKE)
configure:2469: result: yes
configure:2602: checking for gcc
configure:2618: found /usr/bin/gcc
configure:2629: result: gcc
configure:2858: checking for C compiler version
configure:2867: gcc --version >&5
gcc (Ubuntu/Linaro 4.6.1-9ubuntu3) 4.6.1
Copyright (C) 2011 Free Software Foundation, Inc.
This is free software; see the source for copying conditions.  There is NO
warranty; not even for MERCHANTABILITY or FITNESS FOR A PARTICULAR PURPOSE.

configure:2878: $? = 0
configure:2867: gcc -v >&5
Using built-in specs.
COLLECT_GCC=gcc
COLLECT_LTO_WRAPPER=/usr/lib/gcc/i686-linux-gnu/4.6.1/lto-wrapper
Target: i686-linux-gnu
Configured with: ../src/configure -v --with-pkgversion='Ubuntu/Linaro 4.6.1-9ubuntu3' --with-bugurl=file:///usr/share/doc/gcc-4.6/README.Bugs --enable-languages=c,c++,fortran,objc,obj-c++,go --prefix=/usr --program-suffix=-4.6 --enable-shared --enable-linker-build-id --with-system-zlib --libexecdir=/usr/lib --without-included-gettext --enable-threads=posix --with-gxx-include-dir=/usr/include/c++/4.6 --libdir=/usr/lib --enable-nls --with-sysroot=/ --enable-clocale=gnu --enable-libstdcxx-debug --enable-libstdcxx-time=yes --enable-plugin --enable-objc-gc --enable-targets=all --disable-werror --with-arch-32=i686 --with-tune=generic --enable-checking=release --build=i686-linux-gnu --host=i686-linux-gnu --target=i686-linux-gnu
Thread model: posix
gcc version 4.6.1 (Ubuntu/Linaro 4.6.1-9ubuntu3) 
configure:2878: $? = 0
configure:2867: gcc -V >&5
gcc: error: unrecognized option '-V'
gcc: fatal error: no input files
compilation terminated.
configure:2878: $? = 4
configure:2867: gcc -qversion >&5
gcc: error: unrecognized option '-qversion'
gcc: fatal error: no input files
compilation terminated.
configure:2878: $? = 4
configure:2898: checking whether the C compiler works
configure:2920: gcc    conftest.c  >&5
configure:2924: $? = 0
configure:2972: result: yes
configure:2975: checking for C compiler default output file name
configure:2977: result: a.out
configure:2983: checking for suffix of executables
configure:2990: gcc -o conftest    conftest.c  >&5
configure:2994: $? = 0
configure:3016: result: 
configure:3038: checking whether we are cross compiling
configure:3046: gcc -o conftest    conftest.c  >&5
configure:3050: $? = 0
configure:3057: ./conftest
configure:3061: $? = 0
configure:3076: result: no
configure:3081: checking for suffix of object files
configure:3103: gcc -c   conftest.c >&5
configure:3107: $? = 0
configure:3128: result: o
configure:3132: checking whether we are using the GNU C compiler
configure:3151: gcc -c   conftest.c >&5
configure:3151: $? = 0
configure:3160: result: yes
configure:3169: checking whether gcc accepts -g
configure:3189: gcc -c -g  conftest.c >&5
configure:3189: $? = 0
configure:3230: result: yes
configure:3247: checking for gcc option to accept ISO C89
configure:3311: gcc  -c -g -O2  conftest.c >&5
configure:3311: $? = 0
configure:3324: result: none needed
configure:3355: checking for style of include used by make
configure:3383: result: GNU
configure:3408: checking dependency style of gcc
configure:3518: result: gcc3
configure:3537: checking for main in -lpthread
configure:3556: gcc -o conftest -g -O2   conftest.c -lpthread   >&5
configure:3556: $? = 0
configure:3565: result: yes
configure:3583: checking how to run the C preprocessor
configure:3614: gcc -E  conftest.c
configure:3614: $? = 0
configure:3628: gcc -E  conftest.c
conftest.c:12:28: fatal error: ac_nonexistent.h: No such file or directory
compilation terminated.
configure:3628: $? = 1
configure: failed program was:
| /* confdefs.h */
| #define PACKAGE_NAME "test_pthread_cancel"
| #define PACKAGE_TARNAME "test_pthread_cancel"
| #define PACKAGE_VERSION "1.0"
| #define PACKAGE_STRING "test_pthread_cancel 1.0"
| #define PACKAGE_BUGREPORT ""
| #define PACKAGE_URL ""
| #define PACKAGE "test_pthread_cancel"
| #define VERSION "1.0"
| #define HAVE_LIBPTHREAD 1
| /* end confdefs.h.  */
| #include <ac_nonexistent.h>
configure:3653: result: gcc -E
configure:3673: gcc -E  conftest.c
configure:3673: $? = 0
configure:3687: gcc -E  conftest.c
conftest.c:12:28: fatal error: ac_nonexistent.h: No such file or directory
compilation terminated.
configure:3687: $? = 1
configure: failed program was:
| /* confdefs.h */
| #define PACKAGE_NAME "test_pthread_cancel"
| #define PACKAGE_TARNAME "test_pthread_cancel"
| #define PACKAGE_VERSION "1.0"
| #define PACKAGE_STRING "test_pthread_cancel 1.0"
| #define PACKAGE_BUGREPORT ""
| #define PACKAGE_URL ""
| #define PACKAGE "test_pthread_cancel"
| #define VERSION "1.0"
| #define HAVE_LIBPTHREAD 1
| /* end confdefs.h.  */
| #include <ac_nonexistent.h>
configure:3716: checking for grep that handles long lines and -e
configure:3774: result: /bin/grep
configure:3779: checking for egrep
configure:3841: result: /bin/grep -E
configure:3846: checking for ANSI C header files
configure:3866: gcc -c -g -O2  conftest.c >&5
configure:3866: $? = 0
configure:3939: gcc -o conftest -g -O2   conftest.c -lpthread  >&5
configure:3939: $? = 0
configure:3939: ./conftest
configure:3939: $? = 0
configure:3950: result: yes
configure:3963: checking for sys/types.h
configure:3963: gcc -c -g -O2  conftest.c >&5
configure:3963: $? = 0
configure:3963: result: yes
configure:3963: checking for sys/stat.h
configure:3963: gcc -c -g -O2  conftest.c >&5
configure:3963: $? = 0
configure:3963: result: yes
configure:3963: checking for stdlib.h
configure:3963: gcc -c -g -O2  conftest.c >&5
configure:3963: $? = 0
configure:3963: result: yes
configure:3963: checking for string.h
configure:3963: gcc -c -g -O2  conftest.c >&5
configure:3963: $? = 0
configure:3963: result: yes
configure:3963: checking for memory.h
configure:3963: gcc -c -g -O2  conftest.c >&5
configure:3963: $? = 0
configure:3963: result: yes
configure:3963: checking for strings.h
configure:3963: gcc -c -g -O2  conftest.c >&5
configure:3963: $? = 0
configure:3963: result: yes
configure:3963: checking for inttypes.h
configure:3963: gcc -c -g -O2  conftest.c >&5
configure:3963: $? = 0
configure:3963: result: yes
configure:3963: checking for stdint.h
configure:3963: gcc -c -g -O2  conftest.c >&5
configure:3963: $? = 0
configure:3963: result: yes
configure:3963: checking for unistd.h
configure:3963: gcc -c -g -O2  conftest.c >&5
configure:3963: $? = 0
configure:3963: result: yes
configure:3977: checking for stdlib.h
configure:3977: result: yes
configure:4124: creating ./config.status

## ---------------------- ##
## Running config.status. ##
## ---------------------- ##

This file was extended by test_pthread_cancel config.status 1.0, which was
generated by GNU Autoconf 2.68.  Invocation command line was

  CONFIG_FILES    = 
  CONFIG_HEADERS  = 
  CONFIG_LINKS    = 
  CONFIG_COMMANDS = 
  $ ./config.status 

on andre-VirtualBox

config.status:861: creating Makefile
config.status:861: creating config.h
config.status:1042: config.h is unchanged
config.status:1090: executing depfiles commands

## ---------------- ##
## Cache variables. ##
## ---------------- ##

ac_cv_c_compiler_gnu=yes
ac_cv_env_CC_set=
ac_cv_env_CC_value=
ac_cv_env_CFLAGS_set=
ac_cv_env_CFLAGS_value=
ac_cv_env_CPPFLAGS_set=
ac_cv_env_CPPFLAGS_value=
ac_cv_env_CPP_set=
ac_cv_env_CPP_value=
ac_cv_env_LDFLAGS_set=
ac_cv_env_LDFLAGS_value=
ac_cv_env_LIBS_set=
ac_cv_env_LIBS_value=
ac_cv_env_build_alias_set=
ac_cv_env_build_alias_value=
ac_cv_env_host_alias_set=
ac_cv_env_host_alias_value=
ac_cv_env_target_alias_set=
ac_cv_env_target_alias_value=
ac_cv_header_inttypes_h=yes
ac_cv_header_memory_h=yes
ac_cv_header_stdc=yes
ac_cv_header_stdint_h=yes
ac_cv_header_stdlib_h=yes
ac_cv_header_string_h=yes
ac_cv_header_strings_h=yes
ac_cv_header_sys_stat_h=yes
ac_cv_header_sys_types_h=yes
ac_cv_header_unistd_h=yes
ac_cv_lib_pthread_main=yes
ac_cv_objext=o
ac_cv_path_EGREP='/bin/grep -E'
ac_cv_path_GREP=/bin/grep
ac_cv_path_install='/usr/bin/install -c'
ac_cv_path_mkdir=/bin/mkdir
ac_cv_prog_AWK=mawk
ac_cv_prog_CPP='gcc -E'
ac_cv_prog_ac_ct_CC=gcc
ac_cv_prog_cc_c89=
ac_cv_prog_cc_g=yes
ac_cv_prog_make_make_set=yes
am_cv_CC_dependencies_compiler_type=gcc3

## ----------------- ##
## Output variables. ##
## ----------------- ##

ACLOCAL='${SHELL} /home/andre/work/c/pthread_cancel/missing --run aclocal-1.11'
AMDEPBACKSLASH='\'
AMDEP_FALSE='#'
AMDEP_TRUE=''
AMTAR='${SHELL} /home/andre/work/c/pthread_cancel/missing --run tar'
AUTOCONF='${SHELL} /home/andre/work/c/pthread_cancel/missing --run autoconf'
AUTOHEADER='${SHELL} /home/andre/work/c/pthread_cancel/missing --run autoheader'
AUTOMAKE='${SHELL} /home/andre/work/c/pthread_cancel/missing --run automake-1.11'
AWK='mawk'
CC='gcc'
CCDEPMODE='depmode=gcc3'
CFLAGS='-g -O2'
CPP='gcc -E'
CPPFLAGS=''
CYGPATH_W='echo'
DEFS='-DHAVE_CONFIG_H'
DEPDIR='.deps'
ECHO_C=''
ECHO_N='-n'
ECHO_T=''
EGREP='/bin/grep -E'
EXEEXT=''
GREP='/bin/grep'
INSTALL_DATA='${INSTALL} -m 644'
INSTALL_PROGRAM='${INSTALL}'
INSTALL_SCRIPT='${INSTALL}'
INSTALL_STRIP_PROGRAM='$(install_sh) -c -s'
LDFLAGS=''
LIBOBJS=''
LIBS='-lpthread '
LTLIBOBJS=''
MAKEINFO='${SHELL} /home/andre/work/c/pthread_cancel/missing --run makeinfo'
MKDIR_P='/bin/mkdir -p'
OBJEXT='o'
PACKAGE='test_pthread_cancel'
PACKAGE_BUGREPORT=''
PACKAGE_NAME='test_pthread_cancel'
PACKAGE_STRING='test_pthread_cancel 1.0'
PACKAGE_TARNAME='test_pthread_cancel'
PACKAGE_URL=''
PACKAGE_VERSION='1.0'
PATH_SEPARATOR=':'
SET_MAKE=''
SHELL='/bin/bash'
STRIP=''
VERSION='1.0'
ac_ct_CC='gcc'
am__EXEEXT_FALSE=''
am__EXEEXT_TRUE='#'
am__fastdepCC_FALSE='#'
am__fastdepCC_TRUE=''
am__include='include'
am__isrc=''
am__leading_dot='.'
am__quote=''
am__tar='${AMTAR} chof - "$$tardir"'
am__untar='${AMTAR} xf -'
bindir='${exec_prefix}/bin'
build_alias=''
datadir='${datarootdir}'
datarootdir='${prefix}/share'
docdir='${datarootdir}/doc/${PACKAGE_TARNAME}'
dvidir='${docdir}'
exec_prefix='${prefix}'
host_alias=''
htmldir='${docdir}'
includedir='${prefix}/include'
infodir='${datarootdir}/info'
install_sh='${SHELL} /home/andre/work/c/pthread_cancel/install-sh'
libdir='${exec_prefix}/lib'
libexecdir='${exec_prefix}/libexec'
localedir='${datarootdir}/locale'
localstatedir='${prefix}/var'
mandir='${datarootdir}/man'
mkdir_p='/bin/mkdir -p'
oldincludedir='/usr/include'
pdfdir='${docdir}'
prefix='/usr/local'
program_transform_name='s,x,x,'
psdir='${docdir}'
sbindir='${exec_prefix}/sbin'
sharedstatedir='${prefix}/com'
sysconfdir='${prefix}/etc'
target_alias=''

## ----------- ##
## confdefs.h. ##
## ----------- ##

/* confdefs.h */
#define PACKAGE_NAME "test_pthread_cancel"
#define PACKAGE_TARNAME "test_pthread_cancel"
#define PACKAGE_VERSION "1.0"
#define PACKAGE_STRING "test_pthread_cancel 1.0"
#define PACKAGE_BUGREPORT ""
#define PACKAGE_URL ""
#define PACKAGE "test_pthread_cancel"
#define VERSION "1.0"
#define HAVE_LIBPTHREAD 1
#define STDC_HEADERS 1
#define HAVE_SYS_TYPES_H 1
#define HAVE_SYS_STAT_H 1
#define HAVE_STDLIB_H 1
#define HAVE_STRING_H 1
#define HAVE_MEMORY_H 1
#define HAVE_STRINGS_H 1
#define HAVE_INTTYPES_H 1
#define HAVE_STDINT_H 1
#define HAVE_UNISTD_H 1
#define HAVE_STDLIB_H 1

configure: exit 0
